<?xml version="1.0" encoding="UTF-8"?>
<!-- Generated by org.testng.reporters.JUnitReportReporter -->
<testsuite hostname="Poobies-Covertible" failures="0" tests="1" name="tests.RegistrationPageTest" time="1.718" errors="0" timestamp="2024-04-30T19:23:24 IST" skipped="0">
  <testcase classname="tests.RegistrationPageTest" name="doResgitrationTest" time="1.718"/>
</testsuite> <!-- tests.RegistrationPageTest -->
