<?xml version="1.0" encoding="UTF-8"?>
<!-- Generated by org.testng.reporters.JUnitReportReporter -->
<testsuite hostname="CPC-debas-HPLU6" failures="0" tests="1" name="tests.LandingPageTest" time="0.387" errors="0" timestamp="2024-05-01T19:20:15 IST" skipped="0">
  <testcase classname="tests.LandingPageTest" name="doClickMakeAppointmentBtnTest" time="0.387"/>
  <system-out/>
</testsuite> <!-- tests.LandingPageTest -->
