<?xml version="1.0" encoding="UTF-8"?>
<!-- Generated by org.testng.reporters.JUnitReportReporter -->
<testsuite hostname="Poobies-Covertible" failures="0" tests="1" name="tests.RegistrationPageTest" time="0.094" errors="0" timestamp="2024-04-23T18:08:48 IST" skipped="0">
  <testcase classname="tests.RegistrationPageTest" name="registrationTest" time="0.094"/>
</testsuite> <!-- tests.RegistrationPageTest -->
