<?xml version="1.0" encoding="UTF-8"?>
<!-- Generated by org.testng.reporters.JUnitReportReporter -->
<testsuite hostname="Poobies-Covertible" failures="0" tests="1" name="tests.LandingPageTest" time="0.532" errors="0" timestamp="2024-04-30T19:03:36 IST" skipped="0">
  <testcase classname="tests.LandingPageTest" name="clickOnRegisterLinkTest" time="0.532"/>
</testsuite> <!-- tests.LandingPageTest -->
